13:12:02,732  INFO Version:44 - HHH000412: Hibernate ORM core version 6.1.1.Final
13:12:05,627 DEBUG JdbcTypeRegistry:50 - addDescriptor(FloatTypeDescriptor) replaced previous registration(DoubleTypeDescriptor)
13:12:05,674 DEBUG BasicTypeRegistry:396 - Adding type registration boolean -> org.hibernate.type.BasicTypeReference@4a11eb84
13:12:05,675 DEBUG BasicTypeRegistry:396 - Adding type registration boolean -> org.hibernate.type.BasicTypeReference@4a11eb84
13:12:05,676 DEBUG BasicTypeRegistry:396 - Adding type registration java.lang.Boolean -> org.hibernate.type.BasicTypeReference@4a11eb84
13:12:05,677 DEBUG BasicTypeRegistry:396 - Adding type registration numeric_boolean -> org.hibernate.type.BasicTypeReference@4e858e0a
13:12:05,683 DEBUG BasicTypeRegistry:396 - Adding type registration org.hibernate.type.NumericBooleanConverter -> org.hibernate.type.BasicTypeReference@4e858e0a
13:12:05,684 DEBUG BasicTypeRegistry:396 - Adding type registration true_false -> org.hibernate.type.BasicTypeReference@435fb7b5
13:12:05,685 DEBUG BasicTypeRegistry:396 - Adding type registration org.hibernate.type.TrueFalseConverter -> org.hibernate.type.BasicTypeReference@435fb7b5
13:12:05,686 DEBUG BasicTypeRegistry:396 - Adding type registration yes_no -> org.hibernate.type.BasicTypeReference@4e70a728
13:12:05,686 DEBUG BasicTypeRegistry:396 - Adding type registration org.hibernate.type.YesNoConverter -> org.hibernate.type.BasicTypeReference@4e70a728
13:12:05,687 DEBUG BasicTypeRegistry:396 - Adding type registration byte -> org.hibernate.type.BasicTypeReference@b7838a9
13:12:05,687 DEBUG BasicTypeRegistry:396 - Adding type registration byte -> org.hibernate.type.BasicTypeReference@b7838a9
13:12:05,688 DEBUG BasicTypeRegistry:396 - Adding type registration java.lang.Byte -> org.hibernate.type.BasicTypeReference@b7838a9
13:12:05,689 DEBUG BasicTypeRegistry:396 - Adding type registration binary -> org.hibernate.type.BasicTypeReference@696f0212
13:12:05,689 DEBUG BasicTypeRegistry:396 - Adding type registration byte[] -> org.hibernate.type.BasicTypeReference@696f0212
13:12:05,692 DEBUG BasicTypeRegistry:396 - Adding type registration [B -> org.hibernate.type.BasicTypeReference@696f0212
13:12:05,694 DEBUG BasicTypeRegistry:396 - Adding type registration binary_wrapper -> org.hibernate.type.BasicTypeReference@4c4748bf
13:12:05,695 DEBUG BasicTypeRegistry:396 - Adding type registration wrapper-binary -> org.hibernate.type.BasicTypeReference@4c4748bf
13:12:05,695 DEBUG BasicTypeRegistry:396 - Adding type registration Byte[] -> org.hibernate.type.BasicTypeReference@4c4748bf
13:12:05,696 DEBUG BasicTypeRegistry:396 - Adding type registration [Ljava.lang.Byte; -> org.hibernate.type.BasicTypeReference@4c4748bf
13:12:05,697 DEBUG BasicTypeRegistry:396 - Adding type registration image -> org.hibernate.type.BasicTypeReference@7ce97ee5
13:12:05,699 DEBUG BasicTypeRegistry:396 - Adding type registration blob -> org.hibernate.type.BasicTypeReference@32c8e539
13:12:05,700 DEBUG BasicTypeRegistry:396 - Adding type registration java.sql.Blob -> org.hibernate.type.BasicTypeReference@32c8e539
13:12:05,701 DEBUG BasicTypeRegistry:396 - Adding type registration materialized_blob -> org.hibernate.type.BasicTypeReference@73dce0e6
13:12:05,702 DEBUG BasicTypeRegistry:396 - Adding type registration materialized_blob_wrapper -> org.hibernate.type.BasicTypeReference@5a85c92
13:12:05,703 DEBUG BasicTypeRegistry:396 - Adding type registration short -> org.hibernate.type.BasicTypeReference@32811494
13:12:05,703 DEBUG BasicTypeRegistry:396 - Adding type registration short -> org.hibernate.type.BasicTypeReference@32811494
13:12:05,704 DEBUG BasicTypeRegistry:396 - Adding type registration java.lang.Short -> org.hibernate.type.BasicTypeReference@32811494
13:12:05,710 DEBUG BasicTypeRegistry:396 - Adding type registration integer -> org.hibernate.type.BasicTypeReference@4795ded0
13:12:05,711 DEBUG BasicTypeRegistry:396 - Adding type registration int -> org.hibernate.type.BasicTypeReference@4795ded0
13:12:05,713 DEBUG BasicTypeRegistry:396 - Adding type registration java.lang.Integer -> org.hibernate.type.BasicTypeReference@4795ded0
13:12:05,716 DEBUG BasicTypeRegistry:396 - Adding type registration long -> org.hibernate.type.BasicTypeReference@53dacd14
13:12:05,716 DEBUG BasicTypeRegistry:396 - Adding type registration long -> org.hibernate.type.BasicTypeReference@53dacd14
13:12:05,717 DEBUG BasicTypeRegistry:396 - Adding type registration java.lang.Long -> org.hibernate.type.BasicTypeReference@53dacd14
13:12:05,718 DEBUG BasicTypeRegistry:396 - Adding type registration float -> org.hibernate.type.BasicTypeReference@14d14731
13:12:05,719 DEBUG BasicTypeRegistry:396 - Adding type registration float -> org.hibernate.type.BasicTypeReference@14d14731
13:12:05,719 DEBUG BasicTypeRegistry:396 - Adding type registration java.lang.Float -> org.hibernate.type.BasicTypeReference@14d14731
13:12:05,720 DEBUG BasicTypeRegistry:396 - Adding type registration double -> org.hibernate.type.BasicTypeReference@2eced48b
13:12:05,721 DEBUG BasicTypeRegistry:396 - Adding type registration double -> org.hibernate.type.BasicTypeReference@2eced48b
13:12:05,722 DEBUG BasicTypeRegistry:396 - Adding type registration java.lang.Double -> org.hibernate.type.BasicTypeReference@2eced48b
13:12:05,723 DEBUG BasicTypeRegistry:396 - Adding type registration big_integer -> org.hibernate.type.BasicTypeReference@47c4ecdc
13:12:05,723 DEBUG BasicTypeRegistry:396 - Adding type registration java.math.BigInteger -> org.hibernate.type.BasicTypeReference@47c4ecdc
13:12:05,724 DEBUG BasicTypeRegistry:396 - Adding type registration big_decimal -> org.hibernate.type.BasicTypeReference@42f33b5d
13:12:05,724 DEBUG BasicTypeRegistry:396 - Adding type registration java.math.BigDecimal -> org.hibernate.type.BasicTypeReference@42f33b5d
13:12:05,725 DEBUG BasicTypeRegistry:396 - Adding type registration character -> org.hibernate.type.BasicTypeReference@5c8504fd
13:12:05,725 DEBUG BasicTypeRegistry:396 - Adding type registration char -> org.hibernate.type.BasicTypeReference@5c8504fd
13:12:05,725 DEBUG BasicTypeRegistry:396 - Adding type registration java.lang.Character -> org.hibernate.type.BasicTypeReference@5c8504fd
13:12:05,726 DEBUG BasicTypeRegistry:396 - Adding type registration character_nchar -> org.hibernate.type.BasicTypeReference@4b7e96a
13:12:05,727 DEBUG BasicTypeRegistry:396 - Adding type registration string -> org.hibernate.type.BasicTypeReference@6475472c
13:12:05,729 DEBUG BasicTypeRegistry:396 - Adding type registration java.lang.String -> org.hibernate.type.BasicTypeReference@6475472c
13:12:05,731 DEBUG BasicTypeRegistry:396 - Adding type registration nstring -> org.hibernate.type.BasicTypeReference@3f07b12c
13:12:05,731 DEBUG BasicTypeRegistry:396 - Adding type registration characters -> org.hibernate.type.BasicTypeReference@4bd1f8dd
13:12:05,731 DEBUG BasicTypeRegistry:396 - Adding type registration char[] -> org.hibernate.type.BasicTypeReference@4bd1f8dd
13:12:05,732 DEBUG BasicTypeRegistry:396 - Adding type registration [C -> org.hibernate.type.BasicTypeReference@4bd1f8dd
13:12:05,732 DEBUG BasicTypeRegistry:396 - Adding type registration wrapper-characters -> org.hibernate.type.BasicTypeReference@7096b474
13:12:05,732 DEBUG BasicTypeRegistry:396 - Adding type registration [Ljava.lang.Character; -> org.hibernate.type.BasicTypeReference@7096b474
13:12:05,732 DEBUG BasicTypeRegistry:396 - Adding type registration Character[] -> org.hibernate.type.BasicTypeReference@7096b474
13:12:05,733 DEBUG BasicTypeRegistry:396 - Adding type registration text -> org.hibernate.type.BasicTypeReference@3e14c16d
13:12:05,733 DEBUG BasicTypeRegistry:396 - Adding type registration ntext -> org.hibernate.type.BasicTypeReference@3c989952
13:12:05,734 DEBUG BasicTypeRegistry:396 - Adding type registration clob -> org.hibernate.type.BasicTypeReference@784b990c
13:12:05,734 DEBUG BasicTypeRegistry:396 - Adding type registration java.sql.Clob -> org.hibernate.type.BasicTypeReference@784b990c
13:12:05,735 DEBUG BasicTypeRegistry:396 - Adding type registration nclob -> org.hibernate.type.BasicTypeReference@3d3ba765
13:12:05,736 DEBUG BasicTypeRegistry:396 - Adding type registration java.sql.NClob -> org.hibernate.type.BasicTypeReference@3d3ba765
13:12:05,736 DEBUG BasicTypeRegistry:396 - Adding type registration materialized_clob -> org.hibernate.type.BasicTypeReference@25bc0606
13:12:05,737 DEBUG BasicTypeRegistry:396 - Adding type registration materialized_clob_char_array -> org.hibernate.type.BasicTypeReference@5d1659ea
13:12:05,737 DEBUG BasicTypeRegistry:396 - Adding type registration materialized_clob_character_array -> org.hibernate.type.BasicTypeReference@793138bd
13:12:05,737 DEBUG BasicTypeRegistry:396 - Adding type registration materialized_nclob -> org.hibernate.type.BasicTypeReference@1951b871
13:12:05,739 DEBUG BasicTypeRegistry:396 - Adding type registration materialized_nclob_character_array -> org.hibernate.type.BasicTypeReference@5c18016b
13:12:05,740 DEBUG BasicTypeRegistry:396 - Adding type registration materialized_nclob_char_array -> org.hibernate.type.BasicTypeReference@33aeca0b
13:12:05,741 DEBUG BasicTypeRegistry:396 - Adding type registration Duration -> org.hibernate.type.BasicTypeReference@43aaf813
13:12:05,741 DEBUG BasicTypeRegistry:396 - Adding type registration java.time.Duration -> org.hibernate.type.BasicTypeReference@43aaf813
13:12:05,742 DEBUG BasicTypeRegistry:396 - Adding type registration LocalDateTime -> org.hibernate.type.BasicTypeReference@57ac5227
13:12:05,742 DEBUG BasicTypeRegistry:396 - Adding type registration java.time.LocalDateTime -> org.hibernate.type.BasicTypeReference@57ac5227
13:12:05,744 DEBUG BasicTypeRegistry:396 - Adding type registration LocalDate -> org.hibernate.type.BasicTypeReference@4ba302e0
13:12:05,745 DEBUG BasicTypeRegistry:396 - Adding type registration java.time.LocalDate -> org.hibernate.type.BasicTypeReference@4ba302e0
13:12:05,746 DEBUG BasicTypeRegistry:396 - Adding type registration LocalTime -> org.hibernate.type.BasicTypeReference@e98770d
13:12:05,746 DEBUG BasicTypeRegistry:396 - Adding type registration java.time.LocalTime -> org.hibernate.type.BasicTypeReference@e98770d
13:12:05,747 DEBUG BasicTypeRegistry:396 - Adding type registration OffsetDateTime -> org.hibernate.type.BasicTypeReference@1ae67cad
13:12:05,747 DEBUG BasicTypeRegistry:396 - Adding type registration java.time.OffsetDateTime -> org.hibernate.type.BasicTypeReference@1ae67cad
13:12:05,747 DEBUG BasicTypeRegistry:396 - Adding type registration OffsetDateTimeWithTimezone -> org.hibernate.type.BasicTypeReference@2f6e28bc
13:12:05,748 DEBUG BasicTypeRegistry:396 - Adding type registration OffsetDateTimeWithoutTimezone -> org.hibernate.type.BasicTypeReference@7c098bb3
13:12:05,748 DEBUG BasicTypeRegistry:396 - Adding type registration OffsetTime -> org.hibernate.type.BasicTypeReference@31e4bb20
13:12:05,749 DEBUG BasicTypeRegistry:396 - Adding type registration java.time.OffsetTime -> org.hibernate.type.BasicTypeReference@31e4bb20
13:12:05,749 DEBUG BasicTypeRegistry:396 - Adding type registration ZonedDateTime -> org.hibernate.type.BasicTypeReference@18cebaa5
13:12:05,749 DEBUG BasicTypeRegistry:396 - Adding type registration java.time.ZonedDateTime -> org.hibernate.type.BasicTypeReference@18cebaa5
13:12:05,750 DEBUG BasicTypeRegistry:396 - Adding type registration ZonedDateTimeWithTimezone -> org.hibernate.type.BasicTypeReference@463b4ac8
13:12:05,751 DEBUG BasicTypeRegistry:396 - Adding type registration ZonedDateTimeWithoutTimezone -> org.hibernate.type.BasicTypeReference@765f05af
13:12:05,751 DEBUG BasicTypeRegistry:396 - Adding type registration date -> org.hibernate.type.BasicTypeReference@62f68dff
13:12:05,751 DEBUG BasicTypeRegistry:396 - Adding type registration java.sql.Date -> org.hibernate.type.BasicTypeReference@62f68dff
13:12:05,752 DEBUG BasicTypeRegistry:396 - Adding type registration time -> org.hibernate.type.BasicTypeReference@f001896
13:12:05,752 DEBUG BasicTypeRegistry:396 - Adding type registration java.sql.Time -> org.hibernate.type.BasicTypeReference@f001896
13:12:05,753 DEBUG BasicTypeRegistry:396 - Adding type registration timestamp -> org.hibernate.type.BasicTypeReference@13f17eb4
13:12:05,753 DEBUG BasicTypeRegistry:396 - Adding type registration java.sql.Timestamp -> org.hibernate.type.BasicTypeReference@13f17eb4
13:12:05,754 DEBUG BasicTypeRegistry:396 - Adding type registration java.util.Date -> org.hibernate.type.BasicTypeReference@13f17eb4
13:12:05,754 DEBUG BasicTypeRegistry:396 - Adding type registration calendar -> org.hibernate.type.BasicTypeReference@1d0d6318
13:12:05,754 DEBUG BasicTypeRegistry:396 - Adding type registration java.util.Calendar -> org.hibernate.type.BasicTypeReference@1d0d6318
13:12:05,755 DEBUG BasicTypeRegistry:396 - Adding type registration java.util.GregorianCalendar -> org.hibernate.type.BasicTypeReference@1d0d6318
13:12:05,755 DEBUG BasicTypeRegistry:396 - Adding type registration calendar_date -> org.hibernate.type.BasicTypeReference@4bc28c33
13:12:05,755 DEBUG BasicTypeRegistry:396 - Adding type registration calendar_time -> org.hibernate.type.BasicTypeReference@4409e975
13:12:05,755 DEBUG BasicTypeRegistry:396 - Adding type registration instant -> org.hibernate.type.BasicTypeReference@5c153b9e
13:12:05,756 DEBUG BasicTypeRegistry:396 - Adding type registration java.time.Instant -> org.hibernate.type.BasicTypeReference@5c153b9e
13:12:05,756 DEBUG BasicTypeRegistry:396 - Adding type registration uuid -> org.hibernate.type.BasicTypeReference@2a7686a7
13:12:05,756 DEBUG BasicTypeRegistry:396 - Adding type registration java.util.UUID -> org.hibernate.type.BasicTypeReference@2a7686a7
13:12:05,756 DEBUG BasicTypeRegistry:396 - Adding type registration pg-uuid -> org.hibernate.type.BasicTypeReference@2a7686a7
13:12:05,757 DEBUG BasicTypeRegistry:396 - Adding type registration uuid-binary -> org.hibernate.type.BasicTypeReference@758a34ce
13:12:05,757 DEBUG BasicTypeRegistry:396 - Adding type registration uuid-char -> org.hibernate.type.BasicTypeReference@7ec3394b
13:12:05,757 DEBUG BasicTypeRegistry:396 - Adding type registration class -> org.hibernate.type.BasicTypeReference@bff34c6
13:12:05,758 DEBUG BasicTypeRegistry:396 - Adding type registration java.lang.Class -> org.hibernate.type.BasicTypeReference@bff34c6
13:12:05,758 DEBUG BasicTypeRegistry:396 - Adding type registration currency -> org.hibernate.type.BasicTypeReference@1522d8a0
13:12:05,759 DEBUG BasicTypeRegistry:396 - Adding type registration Currency -> org.hibernate.type.BasicTypeReference@1522d8a0
13:12:05,760 DEBUG BasicTypeRegistry:396 - Adding type registration java.util.Currency -> org.hibernate.type.BasicTypeReference@1522d8a0
13:12:05,761 DEBUG BasicTypeRegistry:396 - Adding type registration locale -> org.hibernate.type.BasicTypeReference@312ab28e
13:12:05,763 DEBUG BasicTypeRegistry:396 - Adding type registration java.util.Locale -> org.hibernate.type.BasicTypeReference@312ab28e
13:12:05,765 DEBUG BasicTypeRegistry:396 - Adding type registration serializable -> org.hibernate.type.BasicTypeReference@5644dc81
13:12:05,767 DEBUG BasicTypeRegistry:396 - Adding type registration java.io.Serializable -> org.hibernate.type.BasicTypeReference@5644dc81
13:12:05,769 DEBUG BasicTypeRegistry:396 - Adding type registration timezone -> org.hibernate.type.BasicTypeReference@246f8b8b
13:12:05,774 DEBUG BasicTypeRegistry:396 - Adding type registration java.util.TimeZone -> org.hibernate.type.BasicTypeReference@246f8b8b
13:12:05,775 DEBUG BasicTypeRegistry:396 - Adding type registration ZoneOffset -> org.hibernate.type.BasicTypeReference@278bb07e
13:12:05,778 DEBUG BasicTypeRegistry:396 - Adding type registration java.time.ZoneOffset -> org.hibernate.type.BasicTypeReference@278bb07e
13:12:05,779 DEBUG BasicTypeRegistry:396 - Adding type registration url -> org.hibernate.type.BasicTypeReference@4351c8c3
13:12:05,780 DEBUG BasicTypeRegistry:396 - Adding type registration java.net.URL -> org.hibernate.type.BasicTypeReference@4351c8c3
13:12:05,781 DEBUG BasicTypeRegistry:396 - Adding type registration row_version -> org.hibernate.type.BasicTypeReference@3381b4fc
13:12:05,800 DEBUG BasicTypeRegistry:371 - Adding type registration dbtimestamp -> org.hibernate.type.DbTimestampType@1021f6c9
13:12:05,802 DEBUG BasicTypeRegistry:371 - Adding type registration dbtimestamp -> org.hibernate.type.DbTimestampType@1021f6c9
13:12:05,807 DEBUG BasicTypeRegistry:371 - Adding type registration object -> org.hibernate.type.JavaObjectType@58fe0499
13:12:05,807 DEBUG BasicTypeRegistry:371 - Adding type registration java.lang.Object -> org.hibernate.type.JavaObjectType@58fe0499
13:12:05,811 DEBUG BasicTypeRegistry:371 - Adding type registration null -> org.hibernate.type.NullType@3f792b9b
13:12:05,812 DEBUG BasicTypeRegistry:396 - Adding type registration imm_date -> org.hibernate.type.BasicTypeReference@7b8233cd
13:12:05,813 DEBUG BasicTypeRegistry:396 - Adding type registration imm_time -> org.hibernate.type.BasicTypeReference@4b20ca2b
13:12:05,813 DEBUG BasicTypeRegistry:396 - Adding type registration imm_timestamp -> org.hibernate.type.BasicTypeReference@1cbf6e72
13:12:05,814 DEBUG BasicTypeRegistry:396 - Adding type registration imm_calendar -> org.hibernate.type.BasicTypeReference@6aecbb8d
13:12:05,814 DEBUG BasicTypeRegistry:396 - Adding type registration imm_calendar_date -> org.hibernate.type.BasicTypeReference@1af146
13:12:05,815 DEBUG BasicTypeRegistry:396 - Adding type registration imm_calendar_time -> org.hibernate.type.BasicTypeReference@4da602fc
13:12:05,815 DEBUG BasicTypeRegistry:396 - Adding type registration imm_binary -> org.hibernate.type.BasicTypeReference@2a8d39c4
13:12:05,816 DEBUG BasicTypeRegistry:396 - Adding type registration imm_serializable -> org.hibernate.type.BasicTypeReference@25b2cfcb
13:12:05,865  WARN deprecation:97 - HHH90000012: Recognized obsolete hibernate namespace http://hibernate.sourceforge.net/hibernate-mapping. Use namespace http://www.hibernate.org/dtd/hibernate-mapping instead.  Support for obsolete DTD/XSD namespaces may be removed at any time.
13:12:07,818  WARN deprecation:223 - HHH90000028: Support for `<hibernate-mappings/>` is deprecated [RESOURCE : Stock.hbm.xml]; migrate to orm.xml or mapping.xml, or enable `hibernate.transform_hbm_xml.enabled` for on the fly transformation
13:12:07,830  WARN deprecation:97 - HHH90000012: Recognized obsolete hibernate namespace http://hibernate.sourceforge.net/hibernate-mapping. Use namespace http://www.hibernate.org/dtd/hibernate-mapping instead.  Support for obsolete DTD/XSD namespaces may be removed at any time.
13:12:07,859  WARN deprecation:223 - HHH90000028: Support for `<hibernate-mappings/>` is deprecated [RESOURCE : StockDetail.hbm.xml]; migrate to orm.xml or mapping.xml, or enable `hibernate.transform_hbm_xml.enabled` for on the fly transformation
13:12:07,964  WARN pooling:77 - HHH10001002: Using built-in connection pool (not intended for production use)
13:12:08,008  INFO pooling:136 - HHH10001005: Loaded JDBC driver class: com.mysql.jdbc.Driver
13:12:08,010  INFO pooling:158 - HHH10001012: Connecting with JDBC URL [jdbc:mysql://localhost:3306/test]
13:12:08,014  INFO pooling:167 - HHH10001001: Connection properties: {password=****, user=root}
13:12:08,015  INFO pooling:171 - HHH10001003: Autocommit mode: false
13:12:08,027  INFO pooling:363 - HHH10001115: Connection pool size: 20 (min=1)
13:12:09,777  INFO SQL dialect:66 - HHH000400: Using dialect: org.hibernate.dialect.MySQLDialect
13:12:09,874 DEBUG DdlTypeRegistry:56 - addDescriptor(12, org.hibernate.type.descriptor.sql.internal.CapacityDependentDdlType@4a23350) replaced previous registration(org.hibernate.type.descriptor.sql.internal.CapacityDependentDdlType@7b78ed6a)
13:12:09,875 DEBUG DdlTypeRegistry:56 - addDescriptor(-9, org.hibernate.type.descriptor.sql.internal.CapacityDependentDdlType@6fca5907) replaced previous registration(org.hibernate.type.descriptor.sql.internal.CapacityDependentDdlType@6ec65b5e)
13:12:09,875 DEBUG DdlTypeRegistry:56 - addDescriptor(-3, org.hibernate.type.descriptor.sql.internal.CapacityDependentDdlType@7bebcd65) replaced previous registration(org.hibernate.type.descriptor.sql.internal.CapacityDependentDdlType@47447ccf)
13:12:09,876 DEBUG DdlTypeRegistry:56 - addDescriptor(4003, org.hibernate.type.descriptor.sql.internal.DdlTypeImpl@7afb1741) replaced previous registration(org.hibernate.type.descriptor.sql.internal.DdlTypeImpl@263bbfeb)
13:12:09,877 DEBUG DdlTypeRegistry:56 - addDescriptor(4001, org.hibernate.type.descriptor.sql.internal.DdlTypeImpl@31edeac) replaced previous registration(org.hibernate.type.descriptor.sql.internal.DdlTypeImpl@67d86804)
13:12:09,878 DEBUG DdlTypeRegistry:56 - addDescriptor(4002, org.hibernate.type.descriptor.sql.internal.DdlTypeImpl@45bb2aa1) replaced previous registration(org.hibernate.type.descriptor.sql.internal.DdlTypeImpl@3e84111a)
13:12:09,879 DEBUG DdlTypeRegistry:56 - addDescriptor(2004, org.hibernate.type.descriptor.sql.internal.CapacityDependentDdlType@4b1a43d8) replaced previous registration(org.hibernate.type.descriptor.sql.internal.DdlTypeImpl@6fa69af7)
13:12:09,879 DEBUG DdlTypeRegistry:56 - addDescriptor(2005, org.hibernate.type.descriptor.sql.internal.CapacityDependentDdlType@73545b80) replaced previous registration(org.hibernate.type.descriptor.sql.internal.DdlTypeImpl@6d469831)
13:12:09,880 DEBUG DdlTypeRegistry:56 - addDescriptor(2011, org.hibernate.type.descriptor.sql.internal.CapacityDependentDdlType@74db12c2) replaced previous registration(org.hibernate.type.descriptor.sql.internal.DdlTypeImpl@2ff15f8c)
13:12:09,884 DEBUG JdbcTypeRegistry:50 - addDescriptor(NCharTypeDescriptor) replaced previous registration(CharTypeDescriptor)
13:12:09,885 DEBUG JdbcTypeRegistry:50 - addDescriptor(NVarcharTypeDescriptor) replaced previous registration(VarcharTypeDescriptor)
13:12:09,890 DEBUG JdbcTypeRegistry:50 - addDescriptor(LongNVarcharTypeDescriptor) replaced previous registration(LongVarcharTypeDescriptor)
13:12:09,908 DEBUG JdbcTypeRegistry:50 - addDescriptor(NClobTypeDescriptor(DEFAULT)) replaced previous registration(ClobTypeDescriptor(DEFAULT))
13:12:09,910 DEBUG JdbcTypeRegistry:58 - addDescriptor(2005, ClobTypeDescriptor(STREAM_BINDING)) replaced previous registration(ClobTypeDescriptor(DEFAULT))
13:12:09,919 DEBUG BasicTypeRegistry:371 - Adding type registration null -> org.hibernate.type.NullType@7eb6b6b6
13:12:09,919 DEBUG BasicTypeRegistry:375 - Type registration key [null] overrode previous entry : `org.hibernate.type.NullType@3f792b9b`
13:12:09,949 DEBUG BasicTypeRegistry:371 - Adding type registration org.hibernate.type.OffsetDateTimeType -> basicType@1(java.time.OffsetDateTime,93)
13:12:09,951 DEBUG BasicTypeRegistry:371 - Adding type registration OffsetDateTime -> basicType@1(java.time.OffsetDateTime,93)
13:12:09,952 DEBUG BasicTypeRegistry:371 - Adding type registration java.time.OffsetDateTime -> basicType@1(java.time.OffsetDateTime,93)
13:12:09,954 DEBUG BasicTypeRegistry:371 - Adding type registration org.hibernate.type.ZonedDateTimeType -> basicType@2(java.time.ZonedDateTime,93)
13:12:09,955 DEBUG BasicTypeRegistry:371 - Adding type registration ZonedDateTime -> basicType@2(java.time.ZonedDateTime,93)
13:12:09,957 DEBUG BasicTypeRegistry:371 - Adding type registration java.time.ZonedDateTime -> basicType@2(java.time.ZonedDateTime,93)
13:12:09,981 DEBUG TypeConfiguration$Scope:166 - Scoping TypeConfiguration [org.hibernate.type.spi.TypeConfiguration@2e5ee2c9] to MetadataBuildingContext [org.hibernate.boot.internal.MetadataBuildingContextRootImpl@55a609dd]
13:12:11,216 DEBUG TypeConfiguration$Scope:171 - Scoping TypeConfiguration [org.hibernate.type.spi.TypeConfiguration@2e5ee2c9] to SessionFactoryImplementor [org.hibernate.internal.SessionFactoryImpl@625a4ff]
13:12:12,514  INFO access:45 - HHH10001501: Connection obtained from JdbcConnectionAccess [org.hibernate.engine.jdbc.env.internal.JdbcEnvironmentInitiator$ConnectionProviderJdbcConnectionAccess@624b523] for (non-JTA) DDL execution was not in auto-commit mode; the Connection 'local transaction' will be committed and the Connection will be set into auto-commit mode.
13:12:12,567  WARN ExceptionHandlerLoggedImpl:27 - GenerationTarget encountered exception accepting command : Error executing DDL "
    alter table test.stock_detail 
       drop 
       foreign key FK5c5r3tnf5812rjpiw2xbv4yo0" via JDBC Statement
org.hibernate.tool.schema.spi.CommandAcceptanceException: Error executing DDL "
    alter table test.stock_detail 
       drop 
       foreign key FK5c5r3tnf5812rjpiw2xbv4yo0" via JDBC Statement
	at org.hibernate.tool.schema.internal.exec.GenerationTargetToDatabase.accept(GenerationTargetToDatabase.java:67)
	at org.hibernate.tool.schema.internal.SchemaDropperImpl.applySqlString(SchemaDropperImpl.java:419)
	at org.hibernate.tool.schema.internal.SchemaDropperImpl.applySqlStrings(SchemaDropperImpl.java:403)
	at org.hibernate.tool.schema.internal.SchemaDropperImpl.applyConstraintDropping(SchemaDropperImpl.java:373)
	at org.hibernate.tool.schema.internal.SchemaDropperImpl.dropFromMetadata(SchemaDropperImpl.java:256)
	at org.hibernate.tool.schema.internal.SchemaDropperImpl.performDrop(SchemaDropperImpl.java:178)
	at org.hibernate.tool.schema.internal.SchemaDropperImpl.doDrop(SchemaDropperImpl.java:149)
	at org.hibernate.tool.schema.internal.SchemaDropperImpl.doDrop(SchemaDropperImpl.java:117)
	at org.hibernate.tool.schema.spi.SchemaManagementToolCoordinator.performDatabaseAction(SchemaManagementToolCoordinator.java:242)
	at org.hibernate.tool.schema.spi.SchemaManagementToolCoordinator.lambda$process$5(SchemaManagementToolCoordinator.java:143)
	at java.base/java.util.HashMap.forEach(HashMap.java:1425)
	at org.hibernate.tool.schema.spi.SchemaManagementToolCoordinator.process(SchemaManagementToolCoordinator.java:140)
	at org.hibernate.internal.SessionFactoryImpl.<init>(SessionFactoryImpl.java:333)
	at org.hibernate.boot.internal.SessionFactoryBuilderImpl.build(SessionFactoryBuilderImpl.java:415)
	at org.hibernate.cfg.Configuration.buildSessionFactory(Configuration.java:754)
	at org.hibernate.cfg.Configuration.buildSessionFactory(Configuration.java:773)
	at com.cdackolkata.persistence.HibernateUtil.buildSessionFactory(HibernateUtil.java:13)
	at com.cdackolkata.persistence.HibernateUtil.<clinit>(HibernateUtil.java:8)
	at com.cdackolkata.common.App.main(App.java:12)
Caused by: java.sql.SQLSyntaxErrorException: Can't DROP 'FK5c5r3tnf5812rjpiw2xbv4yo0'; check that column/key exists
	at com.mysql.cj.jdbc.exceptions.SQLError.createSQLException(SQLError.java:120)
	at com.mysql.cj.jdbc.exceptions.SQLExceptionsMapping.translateException(SQLExceptionsMapping.java:122)
	at com.mysql.cj.jdbc.StatementImpl.executeInternal(StatementImpl.java:763)
	at com.mysql.cj.jdbc.StatementImpl.execute(StatementImpl.java:648)
	at org.hibernate.tool.schema.internal.exec.GenerationTargetToDatabase.accept(GenerationTargetToDatabase.java:54)
	... 18 more
13:12:12,716  INFO access:45 - HHH10001501: Connection obtained from JdbcConnectionAccess [org.hibernate.engine.jdbc.env.internal.JdbcEnvironmentInitiator$ConnectionProviderJdbcConnectionAccess@7a083b96] for (non-JTA) DDL execution was not in auto-commit mode; the Connection 'local transaction' will be committed and the Connection will be set into auto-commit mode.
13:12:13,119  INFO JtaPlatformInitiator:51 - HHH000490: Using JtaPlatform implementation: [org.hibernate.engine.transaction.jta.platform.internal.NoJtaPlatform]
